[ 0  0  0  0  0  0  0  0  0  0  0  0  0  0  0  0  0  0  0  0  0  0  0  0  0  0  0  0  0  0  0  0  0  0  0  0  0  0  0  0  0  0  0  0  0  0  0  0  0  0  0  0  1  0  0  0  0  0  0  0  0  0  0  0  0  0  0  0  0  0  0  0  0  0  0  0  0  0  0  0  0  0  0  0  0  0  0  0  0  0  0  0  0  0  0  0  0  0  0  0  0  0  0  0  0  0  0  0  0  0  0  0  0  0  0  0  0  0  0  0  0  0  0  0  0  0  0  0  0  0  0  0  0  0  0  0  0  0  0  0  0  0  0  0  0  0  0  0  0 -1  0  0  0  0  0  0  0  0  0  0  0  0  0  0  0  0  0  0  0  0  0  0  0  0  0  0  0  0  0  0  0  0  0  0  0  0  0  0  0  0  0  0  0  0  0  0  0  0  0  0  0  0  0  0  0  0  0  0  0  0  1  0  0  0  0  0  0  0  0  0  0  0  0  0  0  0  0  0  0  0  0  0  0  0  0  0  0  0  0  0  0  0  0  0  0  0  0  0  0  0  0  0  0  0  0  0]
[1;37m integrate approx hint [0m [0m (conditionning) [0m [3;31m 	 Unworthy hint, Forced it. [0m
[1;37m integrate approx hint [0m [0m (conditionning) [0m [3;31m 	 Unworthy hint, Forced it. [0m
[1;37m integrate approx hint [0m [0m (conditionning) [0m [3;31m 	 Unworthy hint, Forced it. [0m
[1;37m integrate approx hint [0m [0m (conditionning) [0m [3;31m 	 Unworthy hint, Forced it. [0m
[1;37m integrate approx hint [0m [0m (conditionning) [0m [3;31m 	 Unworthy hint, Forced it. [0m
[1;37m integrate approx hint [0m [0m (conditionning) [0m [3;31m 	 Unworthy hint, Forced it. [0m
[1;37m integrate approx hint [0m [0m (conditionning) [0m [3;31m 	 Unworthy hint, Forced it. [0m
[1;37m integrate approx hint [0m [0m (conditionning) [0m [3;31m 	 Unworthy hint, Forced it. [0m
[1;37m integrate approx hint [0m [0m (conditionning) [0m [3;31m 	 Unworthy hint, Forced it. [0m
[1;37m integrate approx hint [0m [0m (conditionning) [0m [3;31m 	 Unworthy hint, Forced it. [0m
[1;37m integrate approx hint [0m [0m (conditionning) [0m [3;31m 	 Unworthy hint, Forced it. [0m
[1;37m integrate approx hint [0m [0m (conditionning) [0m [3;31m 	 Unworthy hint, Forced it. [0m
[1;37m integrate approx hint [0m [0m (conditionning) [0m [3;31m 	 Unworthy hint, Forced it. [0m
[1;37m integrate approx hint [0m [0m (conditionning) [0m [3;31m 	 Unworthy hint, Forced it. [0m
[1;37m integrate approx hint [0m [0m (conditionning) [0m [3;31m 	 Unworthy hint, Forced it. [0m
[1;37m integrate approx hint [0m [0m (conditionning) [0m [3;31m 	 Unworthy hint, Forced it. [0m
[1;37m integrate approx hint [0m [0m (conditionning) [0m [3;31m 	 Unworthy hint, Forced it. [0m
[1;37m integrate approx hint [0m [0m (conditionning) [0m [3;31m 	 Unworthy hint, Forced it. [0m
[1;37m integrate approx hint [0m [0m (conditionning) [0m [3;31m 	 Unworthy hint, Forced it. [0m
[1;37m integrate approx hint [0m [0m (conditionning) [0m [3;31m 	 Unworthy hint, Forced it. [0m
[1;37m integrate approx hint [0m [0m (conditionning) [0m [3;31m 	 Unworthy hint, Forced it. [0m
[1;37m integrate approx hint [0m [0m (conditionning) [0m [3;31m 	 Unworthy hint, Forced it. [0m
[1;37m integrate approx hint [0m [0m (conditionning) [0m [3;31m 	 Unworthy hint, Forced it. [0m
[1;37m integrate approx hint [0m [0m (conditionning) [0m [3;31m 	 Unworthy hint, Forced it. [0m
[1;37m integrate approx hint [0m [0m (conditionning) [0m [3;31m 	 Unworthy hint, Forced it. [0m
[1;37m integrate approx hint [0m [0m (conditionning) [0m [3;31m 	 Unworthy hint, Forced it. [0m
[1;37m integrate approx hint [0m [0m (conditionning) [0m [3;31m 	 Unworthy hint, Forced it. [0m
[1;37m integrate approx hint [0m [0m (conditionning) [0m [3;31m 	 Unworthy hint, Forced it. [0m
[1;37m integrate approx hint [0m [0m (conditionning) [0m [3;31m 	 Unworthy hint, Forced it. [0m
[1;37m integrate approx hint [0m [0m (conditionning) [0m [3;31m 	 Unworthy hint, Forced it. [0m
[1;37m integrate approx hint [0m [0m (conditionning) [0m [3;31m 	 Unworthy hint, Forced it. [0m
[1;37m integrate approx hint [0m [0m (conditionning) [0m [3;31m 	 Unworthy hint, Forced it. [0m
[1;37m integrate approx hint [0m [0m (conditionning) [0m [3;31m 	 Unworthy hint, Forced it. [0m
[1;37m integrate approx hint [0m [0m (conditionning) [0m [3;31m 	 Unworthy hint, Forced it. [0m
[1;37m integrate approx hint [0m [0m (conditionning) [0m [3;31m 	 Unworthy hint, Forced it. [0m
[1;37m integrate approx hint [0m [0m (conditionning) [0m [3;31m 	 Unworthy hint, Forced it. [0m
[1;37m integrate approx hint [0m [0m (conditionning) [0m [3;31m 	 Unworthy hint, Forced it. [0m
[1;37m integrate approx hint [0m [0m (conditionning) [0m [3;31m 	 Unworthy hint, Forced it. [0m
[1;37m integrate approx hint [0m [0m (conditionning) [0m [3;31m 	 Unworthy hint, Forced it. [0m
[1;37m integrate approx hint [0m [0m (conditionning) [0m [3;31m 	 Unworthy hint, Forced it. [0m
[1;37m integrate approx hint [0m [0m (conditionning) [0m [3;31m 	 Unworthy hint, Forced it. [0m
[1;37m integrate approx hint [0m [0m (conditionning) [0m [3;31m 	 Unworthy hint, Forced it. [0m
[1;37m integrate approx hint [0m [0m (conditionning) [0m [3;31m 	 Unworthy hint, Forced it. [0m
[1;37m integrate approx hint [0m [0m (conditionning) [0m [3;31m 	 Unworthy hint, Forced it. [0m
[1;37m integrate approx hint [0m [0m (conditionning) [0m [3;31m 	 Unworthy hint, Forced it. [0m
[1;37m integrate approx hint [0m [0m (conditionning) [0m [3;31m 	 Unworthy hint, Forced it. [0m
[1;37m integrate approx hint [0m [0m (conditionning) [0m [3;31m 	 Unworthy hint, Forced it. [0m
[1;37m integrate approx hint [0m [0m (conditionning) [0m [3;31m 	 Unworthy hint, Forced it. [0m
[1;37m integrate approx hint [0m [0m (conditionning) [0m [3;31m 	 Unworthy hint, Forced it. [0m
[1;37m integrate approx hint [0m [0m (conditionning) [0m [3;31m 	 Unworthy hint, Forced it. [0m
[1;37m integrate approx hint [0m [0m (conditionning) [0m [3;31m 	 Unworthy hint, Forced it. [0m
[1;37m integrate approx hint [0m [0m (conditionning) [0m [3;31m 	 Unworthy hint, Forced it. [0m
[1;37m integrate approx hint [0m [0m (conditionning) [0m [3;31m 	 Unworthy hint, Forced it. [0m
[1;37m integrate approx hint [0m [0m (conditionning) [0m [3;31m 	 Unworthy hint, Forced it. [0m
[1;37m integrate approx hint [0m [0m (conditionning) [0m [3;31m 	 Unworthy hint, Forced it. [0m
[1;37m integrate approx hint [0m [0m (conditionning) [0m [3;31m 	 Unworthy hint, Forced it. [0m
[1;37m integrate approx hint [0m [0m (conditionning) [0m [3;31m 	 Unworthy hint, Forced it. [0m
[1;37m integrate approx hint [0m [0m (conditionning) [0m [3;31m 	 Unworthy hint, Forced it. [0m
[1;37m integrate approx hint [0m [0m (conditionning) [0m [3;31m 	 Unworthy hint, Forced it. [0m
[1;37m integrate approx hint [0m [0m (conditionning) [0m [3;31m 	 Unworthy hint, Forced it. [0m
[1;37m integrate approx hint [0m [0m (conditionning) [0m [3;31m 	 Unworthy hint, Forced it. [0m
[1;37m integrate approx hint [0m [0m (conditionning) [0m [3;31m 	 Unworthy hint, Forced it. [0m
[1;37m integrate approx hint [0m [0m (conditionning) [0m [3;31m 	 Unworthy hint, Forced it. [0m
[1;37m integrate approx hint [0m [0m (conditionning) [0m [3;31m 	 Unworthy hint, Forced it. [0m
[1;37m integrate approx hint [0m [0m (conditionning) [0m [3;31m 	 Unworthy hint, Forced it. [0m
[1;37m integrate approx hint [0m [0m (conditionning) [0m [3;31m 	 Unworthy hint, Forced it. [0m
[1;37m integrate approx hint [0m [0m (conditionning) [0m [3;31m 	 Unworthy hint, Forced it. [0m
[1;37m integrate approx hint [0m [0m (conditionning) [0m [3;31m 	 Unworthy hint, Forced it. [0m
[1;37m integrate approx hint [0m [0m (conditionning) [0m [3;31m 	 Unworthy hint, Forced it. [0m
[1;37m integrate approx hint [0m [0m (conditionning) [0m [3;31m 	 Unworthy hint, Forced it. [0m
[1;37m integrate approx hint [0m [0m (conditionning) [0m [3;31m 	 Unworthy hint, Forced it. [0m
[1;37m integrate approx hint [0m [0m (conditionning) [0m [3;31m 	 Unworthy hint, Forced it. [0m
[1;37m integrate approx hint [0m [0m (conditionning) [0m [3;31m 	 Unworthy hint, Forced it. [0m
[1;37m integrate approx hint [0m [0m (conditionning) [0m [3;31m 	 Unworthy hint, Forced it. [0m
[1;37m integrate approx hint [0m [0m (conditionning) [0m [3;31m 	 Unworthy hint, Forced it. [0m
[1;37m integrate approx hint [0m [0m (conditionning) [0m [3;31m 	 Unworthy hint, Forced it. [0m
[1;37m integrate approx hint [0m [0m (conditionning) [0m [3;31m 	 Unworthy hint, Forced it. [0m
[1;37m integrate approx hint [0m [0m (conditionning) [0m [3;31m 	 Unworthy hint, Forced it. [0m
[1;37m integrate approx hint [0m [0m (conditionning) [0m [3;31m 	 Unworthy hint, Forced it. [0m
[1;37m integrate approx hint [0m [0m (conditionning) [0m [3;31m 	 Unworthy hint, Forced it. [0m
[1;37m integrate approx hint [0m [0m (conditionning) [0m [3;31m 	 Unworthy hint, Forced it. [0m
[1;37m integrate approx hint [0m [0m (conditionning) [0m [3;31m 	 Unworthy hint, Forced it. [0m
[1;37m integrate approx hint [0m [0m (conditionning) [0m [3;31m 	 Unworthy hint, Forced it. [0m
[1;37m integrate approx hint [0m [0m (conditionning) [0m [3;31m 	 Unworthy hint, Forced it. [0m
[1;37m integrate approx hint [0m [0m (conditionning) [0m [3;31m 	 Unworthy hint, Forced it. [0m
[1;37m integrate approx hint [0m [0m (conditionning) [0m [3;31m 	 Unworthy hint, Forced it. [0m
[1;37m integrate approx hint [0m [0m (conditionning) [0m [3;31m 	 Unworthy hint, Forced it. [0m
[1;37m integrate approx hint [0m [0m (conditionning) [0m [3;31m 	 Unworthy hint, Forced it. [0m
[1;37m integrate approx hint [0m [0m (conditionning) [0m [3;31m 	 Unworthy hint, Forced it. [0m
[1;37m integrate approx hint [0m [0m (conditionning) [0m [3;31m 	 Unworthy hint, Forced it. [0m
[1;37m integrate approx hint [0m [0m (conditionning) [0m [3;31m 	 Unworthy hint, Forced it. [0m
[1;37m integrate approx hint [0m [0m (conditionning) [0m [3;31m 	 Unworthy hint, Forced it. [0m
[1;37m integrate approx hint [0m [0m (conditionning) [0m [3;31m 	 Unworthy hint, Forced it. [0m
[1;37m integrate approx hint [0m [0m (conditionning) [0m [3;31m 	 Unworthy hint, Forced it. [0m
[1;37m integrate approx hint [0m [0m (conditionning) [0m [3;31m 	 Unworthy hint, Forced it. [0m
[1;37m integrate approx hint [0m [0m (conditionning) [0m [3;31m 	 Unworthy hint, Forced it. [0m
[1;37m integrate approx hint [0m [0m (conditionning) [0m [3;31m 	 Unworthy hint, Forced it. [0m
[1;37m integrate approx hint [0m [0m (conditionning) [0m [3;31m 	 Unworthy hint, Forced it. [0m
[1;37m integrate approx hint [0m [0m (conditionning) [0m [3;31m 	 Unworthy hint, Forced it. [0m
[1;37m integrate approx hint [0m [0m (conditionning) [0m [3;31m 	 Unworthy hint, Forced it. [0m
[1;37m integrate approx hint [0m [0m (conditionning) [0m [3;31m 	 Unworthy hint, Forced it. [0m
[1;37m integrate approx hint [0m [0m (conditionning) [0m [3;31m 	 Unworthy hint, Forced it. [0m
[1;37m integrate approx hint [0m [0m (conditionning) [0m [3;31m 	 Unworthy hint, Forced it. [0m
[1;37m integrate approx hint [0m [0m (conditionning) [0m [3;31m 	 Unworthy hint, Forced it. [0m
[1;37m integrate approx hint [0m [0m (conditionning) [0m [3;31m 	 Unworthy hint, Forced it. [0m
[1;37m integrate approx hint [0m [0m (conditionning) [0m [3;31m 	 Unworthy hint, Forced it. [0m
[1;37m integrate approx hint [0m [0m (conditionning) [0m [3;31m 	 Unworthy hint, Forced it. [0m
[1;37m integrate approx hint [0m [0m (conditionning) [0m [3;31m 	 Unworthy hint, Forced it. [0m
[1;37m integrate approx hint [0m [0m (conditionning) [0m [3;32m 	 Worthy hint ! [0m [1;33m dim=512, δ=1.00336741, β=508.03 [0m
[1;37m integrate approx hint [0m [0m (conditionning) [0m [3;32m 	 Worthy hint ! [0m [1;33m dim=512, δ=1.00339484, β=501.93 [0m
[1;37m integrate approx hint [0m [0m (conditionning) [0m [3;31m 	 Unworthy hint, Forced it. [0m
[1;37m integrate approx hint [0m [0m (conditionning) [0m [3;31m 	 Unworthy hint, Forced it. [0m
[1;37m integrate approx hint [0m [0m (conditionning) [0m [3;31m 	 Unworthy hint, Forced it. [0m
[1;37m integrate approx hint [0m [0m (conditionning) [0m [3;31m 	 Unworthy hint, Forced it. [0m
[1;37m integrate approx hint [0m [0m (conditionning) [0m [3;32m 	 Worthy hint ! [0m [1;33m dim=512, δ=1.00341395, β=497.97 [0m
[1;37m integrate approx hint [0m [0m (conditionning) [0m [3;32m 	 Worthy hint ! [0m [1;33m dim=512, δ=1.00344495, β=492.04 [0m
[1;37m integrate approx hint [0m [0m (conditionning) [0m [3;32m 	 Worthy hint ! [0m [1;33m dim=512, δ=1.00347384, β=486.22 [0m
[1;37m integrate approx hint [0m [0m (conditionning) [0m [3;31m 	 Unworthy hint, Forced it. [0m
[1;37m integrate approx hint [0m [0m (conditionning) [0m [3;31m 	 Unworthy hint, Forced it. [0m
[1;37m integrate approx hint [0m [0m (conditionning) [0m [3;31m 	 Unworthy hint, Forced it. [0m
[1;37m integrate approx hint [0m [0m (conditionning) [0m [3;32m 	 Worthy hint ! [0m [1;33m dim=512, δ=1.00349414, β=481.96 [0m
[1;37m integrate approx hint [0m [0m (conditionning) [0m [3;32m 	 Worthy hint ! [0m [1;33m dim=512, δ=1.00352480, β=476.31 [0m
[1;37m integrate approx hint [0m [0m (conditionning) [0m [3;31m 	 Unworthy hint, Forced it. [0m
[1;37m integrate approx hint [0m [0m (conditionning) [0m [3;32m 	 Worthy hint ! [0m [1;33m dim=512, δ=1.00355188, β=471.22 [0m
[1;37m integrate approx hint [0m [0m (conditionning) [0m [3;31m 	 Unworthy hint, Forced it. [0m
[1;37m integrate approx hint [0m [0m (conditionning) [0m [3;31m 	 Unworthy hint, Forced it. [0m
[1;37m integrate approx hint [0m [0m (conditionning) [0m [3;32m 	 Worthy hint ! [0m [1;33m dim=512, δ=1.00357532, β=466.68 [0m
[1;37m integrate approx hint [0m [0m (conditionning) [0m [3;31m 	 Unworthy hint, Forced it. [0m
[1;37m integrate approx hint [0m [0m (conditionning) [0m [3;32m 	 Worthy hint ! [0m [1;33m dim=512, δ=1.00360209, β=461.75 [0m
[1;37m integrate approx hint [0m [0m (conditionning) [0m [3;32m 	 Worthy hint ! [0m [1;33m dim=512, δ=1.00363233, β=456.43 [0m
[1;37m integrate approx hint [0m [0m (conditionning) [0m [3;31m 	 Unworthy hint, Forced it. [0m
[1;37m integrate approx hint [0m [0m (conditionning) [0m [3;32m 	 Worthy hint ! [0m [1;33m dim=512, δ=1.00365888, β=451.66 [0m
[1;37m integrate approx hint [0m [0m (conditionning) [0m [3;31m 	 Unworthy hint, Forced it. [0m
[1;37m integrate approx hint [0m [0m (conditionning) [0m [3;32m 	 Worthy hint ! [0m [1;33m dim=512, δ=1.00368533, β=446.95 [0m
[1;37m integrate approx hint [0m [0m (conditionning) [0m [3;31m 	 Unworthy hint, Forced it. [0m
[1;37m integrate approx hint [0m [0m (conditionning) [0m [3;31m 	 Unworthy hint, Forced it. [0m
[1;37m integrate approx hint [0m [0m (conditionning) [0m [3;32m 	 Worthy hint ! [0m [1;33m dim=512, δ=1.00371025, β=442.75 [0m
[1;37m integrate approx hint [0m [0m (conditionning) [0m [3;31m 	 Unworthy hint, Forced it. [0m
[1;37m integrate approx hint [0m [0m (conditionning) [0m [3;32m 	 Worthy hint ! [0m [1;33m dim=512, δ=1.00373863, β=438.18 [0m
[1;37m integrate approx hint [0m [0m (conditionning) [0m [3;31m 	 Unworthy hint, Forced it. [0m
[1;37m integrate approx hint [0m [0m (conditionning) [0m [3;31m 	 Unworthy hint, Forced it. [0m
[1;37m integrate approx hint [0m [0m (conditionning) [0m [3;31m 	 Unworthy hint, Forced it. [0m
[1;37m integrate approx hint [0m [0m (conditionning) [0m [3;32m 	 Worthy hint ! [0m [1;33m dim=512, δ=1.00375979, β=434.53 [0m
[1;37m integrate approx hint [0m [0m (conditionning) [0m [3;32m 	 Worthy hint ! [0m [1;33m dim=512, δ=1.00378936, β=429.66 [0m
[1;37m integrate approx hint [0m [0m (conditionning) [0m [3;32m 	 Worthy hint ! [0m [1;33m dim=512, δ=1.00381882, β=424.85 [0m
[1;37m integrate approx hint [0m [0m (conditionning) [0m [3;32m 	 Worthy hint ! [0m [1;33m dim=512, δ=1.00385041, β=420.13 [0m
[1;37m integrate approx hint [0m [0m (conditionning) [0m [3;32m 	 Worthy hint ! [0m [1;33m dim=512, δ=1.00387964, β=415.47 [0m
[1;37m integrate approx hint [0m [0m (conditionning) [0m [3;32m 	 Worthy hint ! [0m [1;33m dim=512, δ=1.00390875, β=410.89 [0m
[1;37m integrate approx hint [0m [0m (conditionning) [0m [3;31m 	 Unworthy hint, Forced it. [0m
[1;37m integrate approx hint [0m [0m (conditionning) [0m [3;31m 	 Unworthy hint, Forced it. [0m
[1;37m integrate approx hint [0m [0m (conditionning) [0m [3;32m 	 Worthy hint ! [0m [1;33m dim=512, δ=1.00393518, β=407.18 [0m
[1;37m integrate approx hint [0m [0m (conditionning) [0m [3;31m 	 Unworthy hint, Forced it. [0m
[1;37m integrate approx hint [0m [0m (conditionning) [0m [3;32m 	 Worthy hint ! [0m [1;33m dim=512, δ=1.00396279, β=403.12 [0m
[1;37m integrate approx hint [0m [0m (conditionning) [0m [3;31m 	 Unworthy hint, Forced it. [0m
[1;37m integrate approx hint [0m [0m (conditionning) [0m [3;32m 	 Worthy hint ! [0m [1;33m dim=512, δ=1.00399017, β=399.13 [0m
[1;37m integrate approx hint [0m [0m (conditionning) [0m [3;31m 	 Unworthy hint, Forced it. [0m
[1;37m integrate approx hint [0m [0m (conditionning) [0m [3;31m 	 Unworthy hint, Forced it. [0m
[1;37m integrate approx hint [0m [0m (conditionning) [0m [3;32m 	 Worthy hint ! [0m [1;33m dim=512, δ=1.00401384, β=395.59 [0m
[1;37m integrate approx hint [0m [0m (conditionning) [0m [3;32m 	 Worthy hint ! [0m [1;33m dim=512, δ=1.00404469, β=391.32 [0m
[1;37m integrate approx hint [0m [0m (conditionning) [0m [3;31m 	 Unworthy hint, Forced it. [0m
[1;37m integrate approx hint [0m [0m (conditionning) [0m [3;32m 	 Worthy hint ! [0m [1;33m dim=512, δ=1.00407186, β=387.49 [0m
[1;37m integrate approx hint [0m [0m (conditionning) [0m [3;32m 	 Worthy hint ! [0m [1;33m dim=512, δ=1.00410251, β=383.35 [0m
[1;37m integrate approx hint [0m [0m (conditionning) [0m [3;31m 	 Unworthy hint, Forced it. [0m
[1;37m integrate approx hint [0m [0m (conditionning) [0m [3;31m 	 Unworthy hint, Forced it. [0m
[1;37m integrate approx hint [0m [0m (conditionning) [0m [3;32m 	 Worthy hint ! [0m [1;33m dim=512, δ=1.00412584, β=380.00 [0m
[1;37m integrate approx hint [0m [0m (conditionning) [0m [3;32m 	 Worthy hint ! [0m [1;33m dim=512, δ=1.00415630, β=375.97 [0m
[1;37m integrate approx hint [0m [0m (conditionning) [0m [3;32m 	 Worthy hint ! [0m [1;33m dim=512, δ=1.00418665, β=372.00 [0m
[1;37m integrate approx hint [0m [0m (conditionning) [0m [3;32m 	 Worthy hint ! [0m [1;33m dim=512, δ=1.00421947, β=368.09 [0m
[1;37m integrate approx hint [0m [0m (conditionning) [0m [3;32m 	 Worthy hint ! [0m [1;33m dim=512, δ=1.00424969, β=364.23 [0m
[1;37m integrate approx hint [0m [0m (conditionning) [0m [3;32m 	 Worthy hint ! [0m [1;33m dim=512, δ=1.00427979, β=360.43 [0m
[1;37m integrate approx hint [0m [0m (conditionning) [0m [3;32m 	 Worthy hint ! [0m [1;33m dim=512, δ=1.00430978, β=356.68 [0m
[1;37m integrate approx hint [0m [0m (conditionning) [0m [3;32m 	 Worthy hint ! [0m [1;33m dim=512, δ=1.00433967, β=352.99 [0m
[1;37m integrate approx hint [0m [0m (conditionning) [0m [3;31m 	 Unworthy hint, Forced it. [0m
[1;37m integrate approx hint [0m [0m (conditionning) [0m [3;32m 	 Worthy hint ! [0m [1;33m dim=512, δ=1.00436846, β=349.68 [0m
[1;37m integrate approx hint [0m [0m (conditionning) [0m [3;32m 	 Worthy hint ! [0m [1;33m dim=512, δ=1.00440080, β=346.09 [0m
[1;37m integrate approx hint [0m [0m (conditionning) [0m [3;32m 	 Worthy hint ! [0m [1;33m dim=512, δ=1.00443037, β=342.56 [0m
[1;37m integrate approx hint [0m [0m (conditionning) [0m [3;31m 	 Unworthy hint, Forced it. [0m
[1;37m integrate approx hint [0m [0m (conditionning) [0m [3;32m 	 Worthy hint ! [0m [1;33m dim=512, δ=1.00445896, β=339.38 [0m
[1;37m integrate approx hint [0m [0m (conditionning) [0m [3;32m 	 Worthy hint ! [0m [1;33m dim=512, δ=1.00448835, β=335.94 [0m
[1;37m integrate approx hint [0m [0m (conditionning) [0m [3;32m 	 Worthy hint ! [0m [1;33m dim=512, δ=1.00452043, β=332.54 [0m
[1;37m integrate approx hint [0m [0m (conditionning) [0m [3;32m 	 Worthy hint ! [0m [1;33m dim=512, δ=1.00455244, β=329.19 [0m
[1;37m integrate approx hint [0m [0m (conditionning) [0m [3;32m 	 Worthy hint ! [0m [1;33m dim=512, δ=1.00458150, β=325.89 [0m
[1;37m integrate approx hint [0m [0m (conditionning) [0m [3;31m 	 Unworthy hint, Forced it. [0m
[1;37m integrate approx hint [0m [0m (conditionning) [0m [3;31m 	 Unworthy hint, Forced it. [0m
[1;37m integrate approx hint [0m [0m (conditionning) [0m [3;31m 	 Unworthy hint, Forced it. [0m
[1;37m integrate approx hint [0m [0m (conditionning) [0m [3;32m 	 Worthy hint ! [0m [1;33m dim=512, δ=1.00460545, β=323.50 [0m
[1;37m integrate approx hint [0m [0m (conditionning) [0m [3;32m 	 Worthy hint ! [0m [1;33m dim=512, δ=1.00463723, β=320.27 [0m
[1;37m integrate approx hint [0m [0m (conditionning) [0m [3;31m 	 Unworthy hint, Forced it. [0m
[1;37m integrate approx hint [0m [0m (conditionning) [0m [3;31m 	 Unworthy hint, Forced it. [0m
[1;37m integrate approx hint [0m [0m (conditionning) [0m [3;32m 	 Worthy hint ! [0m [1;33m dim=512, δ=1.00466172, β=317.66 [0m
[1;37m integrate approx hint [0m [0m (conditionning) [0m [3;32m 	 Worthy hint ! [0m [1;33m dim=512, δ=1.00469333, β=314.52 [0m
[1;37m integrate approx hint [0m [0m (conditionning) [0m [3;31m 	 Unworthy hint, Forced it. [0m
[1;37m integrate approx hint [0m [0m (conditionning) [0m [3;31m 	 Unworthy hint, Forced it. [0m
[1;37m integrate approx hint [0m [0m (conditionning) [0m [3;32m 	 Worthy hint ! [0m [1;33m dim=512, δ=1.00471748, β=311.98 [0m
[1;37m integrate approx hint [0m [0m (conditionning) [0m [3;32m 	 Worthy hint ! [0m [1;33m dim=512, δ=1.00474887, β=308.92 [0m
[1;37m integrate approx hint [0m [0m (conditionning) [0m [3;32m 	 Worthy hint ! [0m [1;33m dim=512, δ=1.00478021, β=305.90 [0m
[1;37m integrate approx hint [0m [0m (conditionning) [0m [3;32m 	 Worthy hint ! [0m [1;33m dim=512, δ=1.00481146, β=302.92 [0m
[1;37m integrate approx hint [0m [0m (conditionning) [0m [3;32m 	 Worthy hint ! [0m [1;33m dim=512, δ=1.00484262, β=299.98 [0m
[1;37m integrate approx hint [0m [0m (conditionning) [0m [3;32m 	 Worthy hint ! [0m [1;33m dim=512, δ=1.00487684, β=297.08 [0m
[1;37m integrate approx hint [0m [0m (conditionning) [0m [3;32m 	 Worthy hint ! [0m [1;33m dim=512, δ=1.00490785, β=294.22 [0m
[1;37m integrate approx hint [0m [0m (conditionning) [0m [3;32m 	 Worthy hint ! [0m [1;33m dim=512, δ=1.00493878, β=291.39 [0m
[1;37m integrate approx hint [0m [0m (conditionning) [0m [3;32m 	 Worthy hint ! [0m [1;33m dim=512, δ=1.00496961, β=288.61 [0m
[1;37m integrate approx hint [0m [0m (conditionning) [0m [3;32m 	 Worthy hint ! [0m [1;33m dim=512, δ=1.00500034, β=285.86 [0m
[1;37m integrate approx hint [0m [0m (conditionning) [0m [3;32m 	 Worthy hint ! [0m [1;33m dim=512, δ=1.00503429, β=283.14 [0m
[1;37m integrate approx hint [0m [0m (conditionning) [0m [3;32m 	 Worthy hint ! [0m [1;33m dim=512, δ=1.00506487, β=280.46 [0m
[1;37m integrate approx hint [0m [0m (conditionning) [0m [3;32m 	 Worthy hint ! [0m [1;33m dim=512, δ=1.00509536, β=277.82 [0m
[1;37m integrate approx hint [0m [0m (conditionning) [0m [3;31m 	 Unworthy hint, Forced it. [0m
[1;37m integrate approx hint [0m [0m (conditionning) [0m [3;31m 	 Unworthy hint, Forced it. [0m
[1;37m integrate approx hint [0m [0m (conditionning) [0m [3;32m 	 Worthy hint ! [0m [1;33m dim=512, δ=1.00512182, β=275.67 [0m
[1;37m integrate approx hint [0m [0m (conditionning) [0m [3;32m 	 Worthy hint ! [0m [1;33m dim=512, δ=1.00515553, β=273.09 [0m
[1;37m integrate approx hint [0m [0m (conditionning) [0m [3;31m 	 Unworthy hint, Forced it. [0m
[1;37m integrate approx hint [0m [0m (conditionning) [0m [3;32m 	 Worthy hint ! [0m [1;33m dim=512, δ=1.00518207, β=270.77 [0m
[1;37m integrate approx hint [0m [0m (conditionning) [0m [3;31m 	 Unworthy hint, Forced it. [0m
[1;37m integrate approx hint [0m [0m (conditionning) [0m [3;32m 	 Worthy hint ! [0m [1;33m dim=512, δ=1.00521200, β=268.48 [0m
[1;37m integrate approx hint [0m [0m (conditionning) [0m [3;31m 	 Unworthy hint, Forced it. [0m
[1;37m integrate approx hint [0m [0m (conditionning) [0m [3;32m 	 Worthy hint ! [0m [1;33m dim=512, δ=1.00524187, β=266.21 [0m
[1;37m integrate approx hint [0m [0m (conditionning) [0m [3;32m 	 Worthy hint ! [0m [1;33m dim=512, δ=1.00527181, β=263.75 [0m
[1;37m integrate approx hint [0m [0m (conditionning) [0m [3;31m 	 Unworthy hint, Forced it. [0m
[1;37m integrate approx hint [0m [0m (conditionning) [0m [3;31m 	 Unworthy hint, Forced it. [0m
[1;37m integrate approx hint [0m [0m (conditionning) [0m [3;31m 	 Unworthy hint, Forced it. [0m
[1;37m integrate approx hint [0m [0m (conditionning) [0m [3;31m 	 Unworthy hint, Forced it. [0m
[1;37m integrate approx hint [0m [0m (conditionning) [0m [3;32m 	 Worthy hint ! [0m [1;33m dim=512, δ=1.00529405, β=262.20 [0m
[1;37m integrate approx hint [0m [0m (conditionning) [0m [3;31m 	 Unworthy hint, Forced it. [0m
[1;37m integrate approx hint [0m [0m (conditionning) [0m [3;31m 	 Unworthy hint, Forced it. [0m
[1;37m integrate approx hint [0m [0m (conditionning) [0m [3;31m 	 Unworthy hint, Forced it. [0m
[1;37m integrate approx hint [0m [0m (conditionning) [0m [3;32m 	 Worthy hint ! [0m [1;33m dim=512, δ=1.00531637, β=260.44 [0m
[1;37m integrate approx hint [0m [0m (conditionning) [0m [3;32m 	 Worthy hint ! [0m [1;33m dim=512, δ=1.00534967, β=258.06 [0m
[1;37m integrate approx hint [0m [0m (conditionning) [0m [3;32m 	 Worthy hint ! [0m [1;33m dim=512, δ=1.00537929, β=255.70 [0m
[1;37m integrate approx hint [0m [0m (conditionning) [0m [3;32m 	 Worthy hint ! [0m [1;33m dim=512, δ=1.00541247, β=253.37 [0m
[1;37m integrate approx hint [0m [0m (conditionning) [0m [3;32m 	 Worthy hint ! [0m [1;33m dim=512, δ=1.00544560, β=251.07 [0m
[1;37m integrate approx hint [0m [0m (conditionning) [0m [3;32m 	 Worthy hint ! [0m [1;33m dim=512, δ=1.00547491, β=248.79 [0m
[1;37m integrate approx hint [0m [0m (conditionning) [0m [3;32m 	 Worthy hint ! [0m [1;33m dim=512, δ=1.00550787, β=246.55 [0m
[1;37m integrate approx hint [0m [0m (conditionning) [0m [3;32m 	 Worthy hint ! [0m [1;33m dim=512, δ=1.00554077, β=244.33 [0m
[1;37m integrate approx hint [0m [0m (conditionning) [0m [3;31m 	 Unworthy hint, Forced it. [0m
[1;37m integrate approx hint [0m [0m (conditionning) [0m [3;32m 	 Worthy hint ! [0m [1;33m dim=512, δ=1.00556990, β=242.34 [0m
[1;37m integrate approx hint [0m [0m (conditionning) [0m [3;32m 	 Worthy hint ! [0m [1;33m dim=512, δ=1.00560268, β=240.18 [0m
[1;37m integrate approx hint [0m [0m (conditionning) [0m [3;31m 	 Unworthy hint, Forced it. [0m
[1;37m integrate approx hint [0m [0m (conditionning) [0m [3;31m 	 Unworthy hint, Forced it. [0m
[1;37m integrate approx hint [0m [0m (conditionning) [0m [3;31m 	 Unworthy hint, Forced it. [0m
[1;37m integrate approx hint [0m [0m (conditionning) [0m [3;32m 	 Worthy hint ! [0m [1;33m dim=512, δ=1.00562425, β=238.63 [0m
[1;37m integrate approx hint [0m [0m (conditionning) [0m [3;32m 	 Worthy hint ! [0m [1;33m dim=512, δ=1.00565689, β=236.51 [0m
[1;37m integrate approx hint [0m [0m (conditionning) [0m [3;31m 	 Unworthy hint, Forced it. [0m
[1;37m integrate approx hint [0m [0m (conditionning) [0m [3;32m 	 Worthy hint ! [0m [1;33m dim=512, δ=1.00568577, β=234.60 [0m
[1;37m integrate approx hint [0m [0m (conditionning) [0m [3;32m 	 Worthy hint ! [0m [1;33m dim=512, δ=1.00571827, β=232.53 [0m
[1;37m integrate approx hint [0m [0m (conditionning) [0m [3;32m 	 Worthy hint ! [0m [1;33m dim=512, δ=1.00575071, β=230.48 [0m
[1;37m integrate approx hint [0m [0m (conditionning) [0m [3;32m 	 Worthy hint ! [0m [1;33m dim=512, δ=1.00578309, β=228.46 [0m
[1;37m integrate approx hint [0m [0m (conditionning) [0m [3;32m 	 Worthy hint ! [0m [1;33m dim=512, δ=1.00581539, β=226.46 [0m
[1;37m integrate approx hint [0m [0m (conditionning) [0m [3;31m 	 Unworthy hint, Forced it. [0m
[1;37m integrate approx hint [0m [0m (conditionning) [0m [3;31m 	 Unworthy hint, Forced it. [0m
[1;37m integrate approx hint [0m [0m (conditionning) [0m [3;31m 	 Unworthy hint, Forced it. [0m
[1;37m integrate approx hint [0m [0m (conditionning) [0m [3;32m 	 Worthy hint ! [0m [1;33m dim=512, δ=1.00584054, β=225.03 [0m
[1;37m integrate approx hint [0m [0m (conditionning) [0m [3;31m 	 Unworthy hint, Forced it. [0m
[1;37m integrate approx hint [0m [0m (conditionning) [0m [3;32m 	 Worthy hint ! [0m [1;33m dim=512, δ=1.00586901, β=223.25 [0m
[1;37m integrate approx hint [0m [0m (conditionning) [0m [3;32m 	 Worthy hint ! [0m [1;33m dim=512, δ=1.00590116, β=221.31 [0m
[1;37m integrate approx hint [0m [0m (conditionning) [0m [3;31m 	 Unworthy hint, Forced it. [0m
[1;37m integrate approx hint [0m [0m (conditionning) [0m [3;32m 	 Worthy hint ! [0m [1;33m dim=512, δ=1.00592948, β=219.57 [0m
[4;37m       Attack Estimation      [0m
[1;33m dim=512 	 δ=1.005929 	 β=219.57  [0m
[0m  [0m
β= 2,	 pr=0.0000e+00, 	 cum-pr=0.0000e+00 	 rem-pr=1.0000e+00
β= 3,	 pr=0.0000e+00, 	 cum-pr=0.0000e+00 	 rem-pr=1.0000e+00
β= 4,	 pr=0.0000e+00, 	 cum-pr=0.0000e+00 	 rem-pr=1.0000e+00
β= 5,	 pr=0.0000e+00, 	 cum-pr=0.0000e+00 	 rem-pr=1.0000e+00
β= 6,	 pr=0.0000e+00, 	 cum-pr=0.0000e+00 	 rem-pr=1.0000e+00
β= 7,	 pr=0.0000e+00, 	 cum-pr=0.0000e+00 	 rem-pr=1.0000e+00
β= 8,	 pr=0.0000e+00, 	 cum-pr=0.0000e+00 	 rem-pr=1.0000e+00
β= 9,	 pr=0.0000e+00, 	 cum-pr=0.0000e+00 	 rem-pr=1.0000e+00
β= 10,	 pr=0.0000e+00, 	 cum-pr=0.0000e+00 	 rem-pr=1.0000e+00
β= 11,	 pr=0.0000e+00, 	 cum-pr=0.0000e+00 	 rem-pr=1.0000e+00
β= 12,	 pr=0.0000e+00, 	 cum-pr=0.0000e+00 	 rem-pr=1.0000e+00
β= 13,	 pr=0.0000e+00, 	 cum-pr=0.0000e+00 	 rem-pr=1.0000e+00
β= 14,	 pr=0.0000e+00, 	 cum-pr=0.0000e+00 	 rem-pr=1.0000e+00
β= 15,	 pr=0.0000e+00, 	 cum-pr=0.0000e+00 	 rem-pr=1.0000e+00
β= 16,	 pr=0.0000e+00, 	 cum-pr=0.0000e+00 	 rem-pr=1.0000e+00
β= 17,	 pr=0.0000e+00, 	 cum-pr=0.0000e+00 	 rem-pr=1.0000e+00
unknown exception in context execution
